<?xml version="1.0" encoding="UTF-8"?>
<testsuite xmlns:xsi="http://www.w3.org/2001/XMLSchema-instance" xsi:noNamespaceSchemaLocation="https://maven.apache.org/surefire/maven-failsafe-plugin/xsd/failsafe-test-report.xsd" name="Ingresar a la BACS" time="275.224" tests="1" errors="1" skipped="0" failures="0">
  <properties>
[...]
</properties>
  <testcase name="Loguearse" classname="Ingresar a la BACS" time="275.224">
    <error message="element click intercepted: Element &lt;input data-locale-label-id=&quot;continue&quot; type=&quot;submit&quot; class=&quot;ibm-btn-pri ibm-btn-blue-50 ng-signin-cta-2 buttonRegister login-true login-button&quot; onclick=&quot;startLoginProcess();&quot; aria-label=&quot;Continuar&quot; value=&quot;Continuar&quot;&gt; is not clickable at point (512, 355). Other element would receive the click: &lt;iframe src=&quot;https://consent-pref.trustarc.com/?type=ibm_test&amp;amp;site=ibm.com&amp;amp;action=notice&amp;amp;country=pe&amp;amp;locale=es&amp;amp;behavior=expressed&amp;amp;gtm=1&amp;amp;layout=default_eu&amp;amp;from=https://consent.trustarc.com/&quot; id=&quot;pop-frame08796670755441411&quot; tabindex=&quot;1&quot; scrolling=&quot;no&quot; style=&quot;border: 0px; border-radius: 2px; overflow: hidden; background: rgb(255, 255, 255); display: block; position: absolute; top: 0px; left: 0px; width: 100%; height: 464px;&quot;&gt;&lt;/iframe&gt;&#10;  (Session info: chrome=80.0.3987.122)&#10;Build info: version: &apos;3.141.59&apos;, revision: &apos;e82be7d358&apos;, time: &apos;2018-11-14T08:17:03&apos;&#10;System info: host: &apos;PROQACAM5W10&apos;, ip: &apos;10.11.165.141&apos;, os.name: &apos;Windows 10&apos;, os.arch: &apos;amd64&apos;, os.version: &apos;10.0&apos;, java.version: &apos;1.8.0_231&apos;&#10;Driver info: org.openqa.selenium.remote.RemoteWebDriver&#10;Capabilities {acceptInsecureCerts: false, browserName: chrome, browserVersion: 80.0.3987.122, chrome: {chromedriverVersion: 79.0.3945.36 (3582db32b3389..., userDataDir: C:\WINDOWS\TEMP\scoped_dir1...}, goog:chromeOptions: {debuggerAddress: localhost:63884}, javascriptEnabled: true, networkConnectionEnabled: false, pageLoadStrategy: normal, platform: WINDOWS, platformName: WINDOWS, proxy: Proxy(), setWindowRect: true, strictFileInteractability: false, timeouts: {implicit: 0, pageLoad: 300000, script: 30000}, unhandledPromptBehavior: dismiss and notify}&#10;Session ID: 594a482d60e287eefaa0700b6370c51e" type="org.openqa.selenium.ElementClickInterceptedException"><![CDATA[org.openqa.selenium.ElementClickInterceptedException: 
element click intercepted: Element <input data-locale-label-id="continue" type="submit" class="ibm-btn-pri ibm-btn-blue-50 ng-signin-cta-2 buttonRegister login-true login-button" onclick="startLoginProcess();" aria-label="Continuar" value="Continuar"> is not clickable at point (512, 355). Other element would receive the click: <iframe src="https://consent-pref.trustarc.com/?type=ibm_test&amp;site=ibm.com&amp;action=notice&amp;country=pe&amp;locale=es&amp;behavior=expressed&amp;gtm=1&amp;layout=default_eu&amp;from=https://consent.trustarc.com/" id="pop-frame08796670755441411" tabindex="1" scrolling="no" style="border: 0px; border-radius: 2px; overflow: hidden; background: rgb(255, 255, 255); display: block; position: absolute; top: 0px; left: 0px; width: 100%; height: 464px;"></iframe>
  (Session info: chrome=80.0.3987.122)
Build info: version: '3.141.59', revision: 'e82be7d358', time: '2018-11-14T08:17:03'
System info: host: 'PROQACAM5W10', ip: '10.11.165.141', os.name: 'Windows 10', os.arch: 'amd64', os.version: '10.0', java.version: '1.8.0_231'
Driver info: org.openqa.selenium.remote.RemoteWebDriver
Capabilities {acceptInsecureCerts: false, browserName: chrome, browserVersion: 80.0.3987.122, chrome: {chromedriverVersion: 79.0.3945.36 (3582db32b3389..., userDataDir: C:\WINDOWS\TEMP\scoped_dir1...}, goog:chromeOptions: {debuggerAddress: localhost:63884}, javascriptEnabled: true, networkConnectionEnabled: false, pageLoadStrategy: normal, platform: WINDOWS, platformName: WINDOWS, proxy: Proxy(), setWindowRect: true, strictFileInteractability: false, timeouts: {implicit: 0, pageLoad: 300000, script: 30000}, unhandledPromptBehavior: dismiss and notify}
Session ID: 594a482d60e287eefaa0700b6370c51e
]]></error>
    <system-out><![CDATA[09:00:12.635 [main] DEBUG n.t.c.u.PropertiesFileLocalPreferences - LOADING LOCAL PROPERTIES FROM C:\Users\XT9867\Desktop\Navigator\serenity.properties 
09:00:12.639 [main] DEBUG n.t.c.u.PropertiesFileLocalPreferences - LOADING LOCAL PROPERTIES FROM C:\Users\XT9867\Desktop\Navigator\serenity.properties 
09:00:12.640 [main] DEBUG n.t.c.u.PropertiesFileLocalPreferences - LOADING LOCAL PROPERTIES FROM C:\Users\XT9867\Desktop\Navigator\serenity.properties 
09:00:12.661 [main] DEBUG n.t.c.u.PropertiesFileLocalPreferences - webdriver.driver=chrome
09:00:12.661 [main] DEBUG n.t.c.u.PropertiesFileLocalPreferences - serenity.test.root=Navigator
09:00:12.661 [main] DEBUG n.t.c.u.PropertiesFileLocalPreferences - serenity.project.name=Ejemplo de automatizacion web
09:00:12.661 [main] DEBUG n.t.c.u.PropertiesFileLocalPreferences - serenity.take.screenshots=DISABLED
09:00:12.661 [main] DEBUG n.t.c.u.PropertiesFileLocalPreferences - serenity.browser.maximized=true
09:00:12.662 [main] DEBUG n.t.c.u.PropertiesFileLocalPreferences - webdriver.wait.for.timeout=5
09:00:12.662 [main] DEBUG n.t.c.u.PropertiesFileLocalPreferences - drivers.windows.webdriver.chrome.driver=src/test/resources/webdriver/chromedriver.exe
09:00:13.012 [main] DEBUG n.t.c.u.PropertiesFileLocalPreferences - LOADING LOCAL PROPERTIES FROM C:\Users\XT9867\Desktop\Navigator\serenity.properties 
09:00:13.012 [main] DEBUG n.t.c.u.PropertiesFileLocalPreferences - LOADING LOCAL PROPERTIES FROM C:\Users\XT9867\Desktop\Navigator\serenity.properties 
09:00:13.013 [main] DEBUG n.t.c.u.PropertiesFileLocalPreferences - LOADING LOCAL PROPERTIES FROM C:\Users\XT9867\Desktop\Navigator\serenity.properties 
09:00:13.019 [main] DEBUG n.t.c.u.PropertiesFileLocalPreferences - webdriver.driver=chrome
09:00:13.019 [main] DEBUG n.t.c.u.PropertiesFileLocalPreferences - serenity.test.root=Navigator
09:00:13.019 [main] DEBUG n.t.c.u.PropertiesFileLocalPreferences - serenity.project.name=Ejemplo de automatizacion web
09:00:13.019 [main] DEBUG n.t.c.u.PropertiesFileLocalPreferences - serenity.take.screenshots=DISABLED
09:00:13.019 [main] DEBUG n.t.c.u.PropertiesFileLocalPreferences - serenity.browser.maximized=true
09:00:13.020 [main] DEBUG n.t.c.u.PropertiesFileLocalPreferences - webdriver.wait.for.timeout=5
09:00:13.020 [main] DEBUG n.t.c.u.PropertiesFileLocalPreferences - drivers.windows.webdriver.chrome.driver=src/test/resources/webdriver/chromedriver.exe
09:00:13.033 [main] INFO  n.t.c.steps.ConsoleLoggingListener - 

-------------------------------------------------------------------------------------
     _______. _______ .______       _______ .__   __.  __  .___________.____    ____ 
    /       ||   ____||   _  \     |   ____||  \ |  | |  | |           |\   \  /   / 
   |   (----`|  |__   |  |_)  |    |  |__   |   \|  | |  | `---|  |----` \   \/   /  
    \   \    |   __|  |      /     |   __|  |  . `  | |  |     |  |       \_    _/   
.----)   |   |  |____ |  |\  \----.|  |____ |  |\   | |  |     |  |         |  |     
|_______/    |_______|| _| `._____||_______||__| \__| |__|     |__|         |__|    
                                                                                     
 News and tutorials at http://www.serenity-bdd.info                                  
 Documentation at https://wakaleo.gitbooks.io/the-serenity-book/content/             
 Join the Serenity Community on Rocket Chat at https://serenity-bdd.rocket.chat      
 Serenity BDD Support and Training at http://serenity-bdd.info/#/trainingandsupport  
 Learn Serenity BDD online at http://serenity-dojo.com                               
-------------------------------------------------------------------------------------

09:00:13.037 [main] DEBUG n.thucydides.core.steps.StepEventBus - Test suite started for story net.thucydides.core.model.Story@fd88d8b4
09:00:13.039 [main] INFO  n.t.c.steps.ConsoleLoggingListener - Test Suite Started: Ingresar a la BACS
09:00:13.168 [pool-1-thread-1] INFO  n.t.c.steps.ConsoleLoggingListener - 
 _____ _____ ____ _____   ____ _____  _    ____ _____ _____ ____  
|_   _| ____/ ___|_   _| / ___|_   _|/ \  |  _ \_   _| ____|  _ \ 
  | | |  _| \___ \ | |   \___ \ | | / _ \ | |_) || | |  _| | | | |
  | | | |___ ___) || |    ___) || |/ ___ \|  _ < | | | |___| |_| |
  |_| |_____|____/ |_|   |____/ |_/_/   \_\_| \_\|_| |_____|____/ 
                                                                  

TEST STARTED: Loguearse
-------------------------------------------------------------------(ingresar-a-la-bacs;loguearse)
09:00:13.194 [pool-1-thread-1] DEBUG n.t.core.requirements.RootDirectory - Resource directories found in  in 11 ms: [src\test\resources]
09:00:13.202 [pool-1-thread-1] DEBUG n.t.core.requirements.RootDirectory - Resource directories found in C:\Users\XT9867\Desktop\Navigator in 4 ms: [C:\Users\XT9867\Desktop\Navigator\src\test\resources]
09:00:13.226 [pool-1-thread-1] DEBUG n.t.c.r.m.cucumber.CucumberParser - Found no Cucumber 4.x.x class cucumber.runtime.model.FeatureLoader try Cucumber 2.x.x 
09:04:48.485 [pool-1-thread-1] DEBUG n.t.core.reports.ReportService - Reporting formats: [JSON, HTML]
09:04:48.493 [pool-1-thread-1] DEBUG n.t.core.reports.ReportService - Found reporter: net.thucydides.core.reports.xml.XMLTestOutcomeReporter@22f3ba78(format = Optional[XML])
09:04:48.493 [pool-1-thread-1] DEBUG n.t.core.reports.ReportService - Found reporter: net.thucydides.core.reports.json.JSONTestOutcomeReporter@21e8b19a(format = Optional[JSON])
09:04:48.494 [pool-1-thread-1] DEBUG n.t.core.reports.ReportService - Registering reporter: net.thucydides.core.reports.json.JSONTestOutcomeReporter@21e8b19a
09:04:48.590 [pool-1-thread-1] DEBUG n.t.core.reports.ReportService - Found reporter: net.thucydides.core.reports.html.HtmlAcceptanceTestReporter@6934478d(format = Optional[HTML])
09:04:48.591 [pool-1-thread-1] DEBUG n.t.core.reports.ReportService - Registering reporter: net.thucydides.core.reports.html.HtmlAcceptanceTestReporter@6934478d
09:04:48.592 [pool-1-thread-1] DEBUG n.t.core.reports.ReportService - Reporting formats: [JSON, HTML]
09:04:48.608 [pool-1-thread-1] DEBUG n.t.core.reports.ReportService - Generating reports for 1 test outcomes using: net.thucydides.core.reports.json.JSONTestOutcomeReporter@21e8b19a
09:04:48.609 [pool-1-thread-1] DEBUG n.t.c.r.j.JUnitXMLOutcomeReporter - GENERATING JUNIT REPORTS
09:04:48.610 [pool-1-thread-1] DEBUG n.t.core.reports.ReportService - Processing test outcome Ingresar a la BACS:Loguearse
09:04:48.610 [pool-1-thread-1] DEBUG n.t.core.reports.ReportService - net.thucydides.core.reports.json.JSONTestOutcomeReporter@21e8b19a: Generating report for test outcome: Ingresar a la BACS:Loguearse
09:04:48.618 [pool-1-thread-1] DEBUG n.t.c.r.json.JSONTestOutcomeReporter - Generating JSON report for Loguearse to file C:\Users\XT9867\Desktop\Navigator\target\site\serenity\d2b58a02b7874713a0c1c13fe7d6e67d4a00e6e8d1c8008ce98b4017e94c56e3.json (using temp file C:\Users\XT9867\Desktop\Navigator\target\site\serenity\d2b58a02b7874713a0c1c13fe7d6e67d4a00e6e8d1c8008ce98b4017e94c56e3.jsonc6752a62-60c5-4467-88dd-04c28ec77d70)
09:04:48.657 [pool-1-thread-1] DEBUG n.t.core.reports.ReportService - Processing test outcome Ingresar a la BACS:Loguearse done
09:04:48.773 [pool-1-thread-1] DEBUG n.t.core.reports.ReportService - Shutting down executor service
09:04:48.773 [pool-1-thread-1] DEBUG n.t.core.reports.ReportService - Reports generated in: 165 ms
09:04:48.773 [pool-1-thread-1] DEBUG n.t.core.reports.ReportService - Generating reports for 1 test outcomes using: net.thucydides.core.reports.html.HtmlAcceptanceTestReporter@6934478d
09:04:48.773 [pool-1-thread-1] DEBUG n.t.c.r.j.JUnitXMLOutcomeReporter - GENERATING JUNIT REPORTS
09:04:48.774 [pool-2-thread-1] DEBUG n.t.core.reports.ReportService - Processing test outcome Ingresar a la BACS:Loguearse
09:04:48.774 [pool-2-thread-1] DEBUG n.t.core.reports.ReportService - net.thucydides.core.reports.html.HtmlAcceptanceTestReporter@6934478d: Generating report for test outcome: Ingresar a la BACS:Loguearse
09:04:48.775 [pool-2-thread-1] DEBUG n.t.c.r.h.HtmlAcceptanceTestReporter - GENERATE TEST OUTCOME REPORT FOR Loguearse in d2b58a02b7874713a0c1c13fe7d6e67d4a00e6e8d1c8008ce98b4017e94c56e3
09:04:48.861 [pool-2-thread-1] INFO  n.t.c.r.PackageRequirementsTagProvider - Loading requirements from package requirements at: Navigator
09:04:49.411 [pool-2-thread-1] DEBUG n.t.c.r.m.cucumber.CucumberParser - Found no Cucumber 4.x.x class cucumber.runtime.model.FeatureLoader try Cucumber 2.x.x 
09:04:49.413 [pool-2-thread-1] DEBUG n.t.c.r.RequirementsTagProvider - Requirements found:[Requirement{name='Ingresar a la BACS', type='feature' parent = 'null', cardNumber='null'}]
09:04:49.418 [pool-2-thread-1] DEBUG n.t.c.r.BaseRequirementsService - Requirement found for test outcome Loguearse-[]: Optional[Requirement{name='Ingresar a la BACS', type='feature' parent = 'null', cardNumber='null'}]
09:04:49.421 [pool-2-thread-1] DEBUG n.t.c.r.BaseRequirementsService - Requirement found for test outcome Loguearse-[]: Optional[Requirement{name='Ingresar a la BACS', type='feature' parent = 'null', cardNumber='null'}]
09:04:49.497 [pool-2-thread-1] DEBUG n.t.c.r.h.HtmlAcceptanceTestReporter - GENERATING HTML REPORT FOR Ingresar a la BACS:Loguearse in d2b58a02b7874713a0c1c13fe7d6e67d4a00e6e8d1c8008ce98b4017e94c56e3.html in directory target\site\serenity  
09:04:52.209 [pool-2-thread-1] DEBUG n.t.c.r.h.HtmlAcceptanceTestReporter - Generating report in d2b58a02b7874713a0c1c13fe7d6e67d4a00e6e8d1c8008ce98b4017e94c56e3.html
09:04:52.609 [pool-2-thread-1] DEBUG n.t.c.r.h.HtmlAcceptanceTestReporter - Generated report d2b58a02b7874713a0c1c13fe7d6e67d4a00e6e8d1c8008ce98b4017e94c56e3.html in 400 ms
09:04:52.609 [pool-2-thread-1] DEBUG n.t.core.reports.ReportService - Processing test outcome Ingresar a la BACS:Loguearse done
09:04:52.609 [pool-1-thread-1] DEBUG n.t.core.reports.ReportService - Shutting down executor service
09:04:52.609 [pool-1-thread-1] DEBUG n.t.core.reports.ReportService - Reports generated in: 3836 ms
09:04:52.610 [pool-1-thread-1] DEBUG n.s.core.photography.Darkroom - Closing darkroom

&amp#27;[31mFailed scenarios:&amp#27;[0m
&amp#27;[31msrc/test/resources/features/AbriNavigator.feature:12 &amp#27;[0m# Loguearse

1 Scenarios (&amp#27;[31m1 failed&amp#27;[0m)
4 Steps (&amp#27;[31m1 failed&amp#27;[0m, &amp#27;[36m1 skipped&amp#27;[0m, &amp#27;[32m2 passed&amp#27;[0m)
4m35.546s

org.openqa.selenium.ElementClickInterceptedException: element click intercepted: Element <input data-locale-label-id="continue" type="submit" class="ibm-btn-pri ibm-btn-blue-50 ng-signin-cta-2 buttonRegister login-true login-button" onclick="startLoginProcess();" aria-label="Continuar" value="Continuar"> is not clickable at point (512, 355). Other element would receive the click: <iframe src="https://consent-pref.trustarc.com/?type=ibm_test&amp;site=ibm.com&amp;action=notice&amp;country=pe&amp;locale=es&amp;behavior=expressed&amp;gtm=1&amp;layout=default_eu&amp;from=https://consent.trustarc.com/" id="pop-frame08796670755441411" tabindex="1" scrolling="no" style="border: 0px; border-radius: 2px; overflow: hidden; background: rgb(255, 255, 255); display: block; position: absolute; top: 0px; left: 0px; width: 100%; height: 464px;"></iframe>
  (Session info: chrome=80.0.3987.122)
Build info: version: '3.141.59', revision: 'e82be7d358', time: '2018-11-14T08:17:03'
System info: host: 'PROQACAM5W10', ip: '10.11.165.141', os.name: 'Windows 10', os.arch: 'amd64', os.version: '10.0', java.version: '1.8.0_231'
Driver info: org.openqa.selenium.remote.RemoteWebDriver
Capabilities {acceptInsecureCerts: false, browserName: chrome, browserVersion: 80.0.3987.122, chrome: {chromedriverVersion: 79.0.3945.36 (3582db32b3389..., userDataDir: C:\WINDOWS\TEMP\scoped_dir1...}, goog:chromeOptions: {debuggerAddress: localhost:63884}, javascriptEnabled: true, networkConnectionEnabled: false, pageLoadStrategy: normal, platform: WINDOWS, platformName: WINDOWS, proxy: Proxy(), setWindowRect: true, strictFileInteractability: false, timeouts: {implicit: 0, pageLoad: 300000, script: 30000}, unhandledPromptBehavior: dismiss and notify}
Session ID: 594a482d60e287eefaa0700b6370c51e
	at sun.reflect.NativeConstructorAccessorImpl.newInstance0(Native Method)
	at sun.reflect.NativeConstructorAccessorImpl.newInstance(NativeConstructorAccessorImpl.java:62)
	at sun.reflect.DelegatingConstructorAccessorImpl.newInstance(DelegatingConstructorAccessorImpl.java:45)
	at java.lang.reflect.Constructor.newInstance(Constructor.java:423)
	at org.openqa.selenium.remote.http.W3CHttpResponseCodec.createException(W3CHttpResponseCodec.java:187)
	at org.openqa.selenium.remote.http.W3CHttpResponseCodec.decode(W3CHttpResponseCodec.java:122)
	at org.openqa.selenium.remote.http.W3CHttpResponseCodec.decode(W3CHttpResponseCodec.java:49)
	at org.openqa.selenium.remote.HttpCommandExecutor.execute(HttpCommandExecutor.java:158)
	at org.openqa.selenium.remote.RemoteWebDriver.execute(RemoteWebDriver.java:552)
	at org.openqa.selenium.remote.RemoteWebElement.execute(RemoteWebElement.java:285)
	at org.openqa.selenium.remote.RemoteWebElement.click(RemoteWebElement.java:84)
	at net.serenitybdd.core.pages.WebElementFacadeImpl.click(WebElementFacadeImpl.java:1087)
	at sun.reflect.NativeMethodAccessorImpl.invoke0(Native Method)
	at sun.reflect.NativeMethodAccessorImpl.invoke(NativeMethodAccessorImpl.java:62)
	at sun.reflect.DelegatingMethodAccessorImpl.invoke(DelegatingMethodAccessorImpl.java:43)
	at java.lang.reflect.Method.invoke(Method.java:498)
	at net.thucydides.core.annotations.locators.AbstractSingleItemHandler.invoke(AbstractSingleItemHandler.java:45)
	at com.sun.proxy.$Proxy26.click(Unknown Source)
	at Navigator.pageobject.PaginaPrincipal.loguearse(PaginaPrincipal.java:90)
	at Navigator.pageobject.PaginaPrincipal$$EnhancerByCGLIB$$ad74d859.CGLIB$loguearse$1(<generated>)
	at Navigator.pageobject.PaginaPrincipal$$EnhancerByCGLIB$$ad74d859$$FastClassByCGLIB$$493270bf.invoke(<generated>)
	at net.sf.cglib.proxy.MethodProxy.invokeSuper(MethodProxy.java:228)
	at net.thucydides.core.steps.BaseMethodRunner.invokeMethod(BaseMethodRunner.java:10)
	at net.thucydides.core.steps.NormalMethodRunner.invokeMethodAndNotifyFailures(NormalMethodRunner.java:20)
	at net.thucydides.core.steps.StepInterceptor.runNormalMethod(StepInterceptor.java:390)
	at net.thucydides.core.steps.StepInterceptor.testStepResult(StepInterceptor.java:161)
	at net.thucydides.core.steps.StepInterceptor.intercept(StepInterceptor.java:72)
	at Navigator.pageobject.PaginaPrincipal$$EnhancerByCGLIB$$ad74d859.loguearse(<generated>)
	at Navigator.steps.UsuarioNavigator.loguearse(UsuarioNavigator.java:31)
	at Navigator.steps.UsuarioNavigator$$EnhancerByCGLIB$$c5260d31.CGLIB$loguearse$0(<generated>)
	at Navigator.steps.UsuarioNavigator$$EnhancerByCGLIB$$c5260d31$$FastClassByCGLIB$$d4041b87.invoke(<generated>)
	at net.sf.cglib.proxy.MethodProxy.invokeSuper(MethodProxy.java:228)
	at net.thucydides.core.steps.StepInterceptor.invokeMethod(StepInterceptor.java:478)
	at net.thucydides.core.steps.StepInterceptor.executeTestStepMethod(StepInterceptor.java:463)
	at net.thucydides.core.steps.StepInterceptor.runTestStep(StepInterceptor.java:438)
	at net.thucydides.core.steps.StepInterceptor.runOrSkipMethod(StepInterceptor.java:179)
	at net.thucydides.core.steps.StepInterceptor.testStepResult(StepInterceptor.java:166)
	at net.thucydides.core.steps.StepInterceptor.intercept(StepInterceptor.java:72)
	at Navigator.steps.UsuarioNavigator$$EnhancerByCGLIB$$c5260d31.loguearse(<generated>)
	at Navigator.stepsdefinitions.UsuarioDefinicionDePasos.iniciarSesion(UsuarioDefinicionDePasos.java:30)
	at ?.ingresa su usuario joel.armando.leiva.collazos@everis.com y contraseña JoelLeiva30*(src/test/resources/features/AbriNavigator.feature:6)

09:00:14.558 [pool-1-thread-1] DEBUG n.s.c.w.s.ChromeServicePool - Creating new driver instance with capabilities: Capabilities {acceptInsecureCerts: false, browserName: chrome, goog:chromeOptions: {args: [--enable-automation, --test-type], extensions: []}, platform: ANY, version: }

09:01:12.034 [pool-1-thread-1] DEBUG n.s.core.photography.Darkroom - Opening darkroom
09:01:12.044 [Darkroom Processing Line] DEBUG n.s.c.p.DarkroomProcessingLine - Darkroom processing line starting up
09:02:13.776 [pool-1-thread-1] WARN  n.t.core.webdriver.WebDriverFacade - Failed to take screenshot (timeout: Timed out receiving message from renderer: 10.000
  (Session info: chrome=80.0.3987.122)
Build info: version: '3.141.59', revision: 'e82be7d358', time: '2018-11-14T08:17:03'
System info: host: 'PROQACAM5W10', ip: '10.11.165.141', os.name: 'Windows 10', os.arch: 'amd64', os.version: '10.0', java.version: '1.8.0_231'
Driver info: org.openqa.selenium.remote.RemoteWebDriver
Capabilities {acceptInsecureCerts: false, browserName: chrome, browserVersion: 80.0.3987.122, chrome: {chromedriverVersion: 79.0.3945.36 (3582db32b3389..., userDataDir: C:\WINDOWS\TEMP\scoped_dir1...}, goog:chromeOptions: {debuggerAddress: localhost:63884}, javascriptEnabled: true, networkConnectionEnabled: false, pageLoadStrategy: normal, platform: WINDOWS, platformName: WINDOWS, proxy: Proxy(), setWindowRect: true, strictFileInteractability: false, timeouts: {implicit: 0, pageLoad: 300000, script: 30000}, unhandledPromptBehavior: dismiss and notify}
Session ID: 594a482d60e287eefaa0700b6370c51e)

09:03:17.349 [pool-1-thread-1] WARN  n.t.core.webdriver.WebDriverFacade - Failed to take screenshot (timeout: Timed out receiving message from renderer: 10.000
  (Session info: chrome=80.0.3987.122)
Build info: version: '3.141.59', revision: 'e82be7d358', time: '2018-11-14T08:17:03'
System info: host: 'PROQACAM5W10', ip: '10.11.165.141', os.name: 'Windows 10', os.arch: 'amd64', os.version: '10.0', java.version: '1.8.0_231'
Driver info: org.openqa.selenium.remote.RemoteWebDriver
Capabilities {acceptInsecureCerts: false, browserName: chrome, browserVersion: 80.0.3987.122, chrome: {chromedriverVersion: 79.0.3945.36 (3582db32b3389..., userDataDir: C:\WINDOWS\TEMP\scoped_dir1...}, goog:chromeOptions: {debuggerAddress: localhost:63884}, javascriptEnabled: true, networkConnectionEnabled: false, pageLoadStrategy: normal, platform: WINDOWS, platformName: WINDOWS, proxy: Proxy(), setWindowRect: true, strictFileInteractability: false, timeouts: {implicit: 0, pageLoad: 300000, script: 30000}, unhandledPromptBehavior: dismiss and notify}
Session ID: 594a482d60e287eefaa0700b6370c51e)
09:03:17.408 [pool-1-thread-1] DEBUG n.t.core.steps.StepInterceptor - STARTING STEP: UsuarioDefinicionDePasos.iniciarSesion - #actor se loguea

09:04:38.700 [pool-1-thread-1] WARN  n.t.core.webdriver.WebDriverFacade - Failed to take screenshot (timeout: Timed out receiving message from renderer: 10.000
  (Session info: chrome=80.0.3987.122)
Build info: version: '3.141.59', revision: 'e82be7d358', time: '2018-11-14T08:17:03'
System info: host: 'PROQACAM5W10', ip: '10.11.165.141', os.name: 'Windows 10', os.arch: 'amd64', os.version: '10.0', java.version: '1.8.0_231'
Driver info: org.openqa.selenium.remote.RemoteWebDriver
Capabilities {acceptInsecureCerts: false, browserName: chrome, browserVersion: 80.0.3987.122, chrome: {chromedriverVersion: 79.0.3945.36 (3582db32b3389..., userDataDir: C:\WINDOWS\TEMP\scoped_dir1...}, goog:chromeOptions: {debuggerAddress: localhost:63884}, javascriptEnabled: true, networkConnectionEnabled: false, pageLoadStrategy: normal, platform: WINDOWS, platformName: WINDOWS, proxy: Proxy(), setWindowRect: true, strictFileInteractability: false, timeouts: {implicit: 0, pageLoad: 300000, script: 30000}, unhandledPromptBehavior: dismiss and notify}
Session ID: 594a482d60e287eefaa0700b6370c51e)
09:04:48.352 [pool-1-thread-1] ERROR n.t.c.steps.ConsoleLoggingListener - 
           __  _____ _____ ____ _____   _____ _    ___ _     _____ ____  
  _       / / |_   _| ____/ ___|_   _| |  ___/ \  |_ _| |   | ____|  _ \ 
 (_)_____| |    | | |  _| \___ \ | |   | |_ / _ \  | || |   |  _| | | | |
  _|_____| |    | | | |___ ___) || |   |  _/ ___ \ | || |___| |___| |_| |
 (_)     | |    |_| |_____|____/ |_|   |_|/_/   \_\___|_____|_____|____/ 
          \_\                                                            

TEST FAILED WITH ERROR: Loguearse
---------------------------------------------------------------------
09:04:48.354 [pool-1-thread-1] DEBUG n.t.c.steps.ConsoleLoggingListener - RELATED ISSUES: 
09:04:48.471 [pool-1-thread-1] ERROR n.t.c.steps.ConsoleLoggingListener - TEST FAILED AT STEP Loguearse: joel.armando.leiva.collazos@everis.com, JoelLeiva30*
09:04:48.471 [pool-1-thread-1] ERROR n.t.c.steps.ConsoleLoggingListener - element click intercepted: Element <input data-locale-label-id="continue" type="submit" class="ibm-btn-pri ibm-btn-blue-50 ng-signin-cta-2 buttonRegister login-true login-button" onclick="startLoginProcess();" aria-label="Continuar" value="Continuar"> is not clickable at point (512, 355). Other element would receive the click: <iframe src="https://consent-pref.trustarc.com/?type=ibm_test&amp;site=ibm.com&amp;action=notice&amp;country=pe&amp;locale=es&amp;behavior=expressed&amp;gtm=1&amp;layout=default_eu&amp;from=https://consent.trustarc.com/" id="pop-frame08796670755441411" tabindex="1" scrolling="no" style="border: 0px; border-radius: 2px; overflow: hidden; background: rgb(255, 255, 255); display: block; position: absolute; top: 0px; left: 0px; width: 100%; height: 464px;"></iframe>
09:04:52.610 [Darkroom Processing Line] DEBUG n.s.c.p.DarkroomProcessingLine - Darkroom processing line shutting down
]]></system-out>
    <system-err><![CDATA[mar 03, 2020 9:00:13 AM org.openqa.selenium.remote.DesiredCapabilities chrome
INFORMACIÓN: Using `new ChromeOptions()` is preferred to `DesiredCapabilities.chrome()`
Starting ChromeDriver 79.0.3945.36 (3582db32b33893869b8c1339e8f4d9ed1816f143-refs/branch-heads/3945@{#614}) on port 4454
Only local connections are allowed.
Please protect ports used by ChromeDriver and related test frameworks to prevent access by malicious code.
[1583244016.037][WARNING]: This version of ChromeDriver has not been tested with Chrome version 80.
[1583244018.048][WARNING]: Timed out connecting to Chrome, retrying...
mar 03, 2020 9:00:20 AM org.openqa.selenium.remote.ProtocolHandshake createSession
INFORMACIÓN: Detected dialect: W3C
[1583244022.810][WARNING]: Timed out connecting to Chrome, retrying...
[1583244083.236][SEVERE]: Timed out receiving message from renderer: 10.000
[1583244083.236][WARNING]: screenshot failed, retrying timeout: Timed out receiving message from renderer: 10.000
[1583244093.237][SEVERE]: Timed out receiving message from renderer: 10.000
[1583244103.296][SEVERE]: Timed out receiving message from renderer: 10.000
[1583244103.297][WARNING]: screenshot failed, retrying timeout: Timed out receiving message from renderer: 10.000
[1583244113.298][SEVERE]: Timed out receiving message from renderer: 9.999
[1583244123.355][SEVERE]: Timed out receiving message from renderer: 10.000
[1583244123.355][WARNING]: screenshot failed, retrying timeout: Timed out receiving message from renderer: 10.000
[1583244133.355][SEVERE]: Timed out receiving message from renderer: 10.000
[1583244146.624][SEVERE]: Timed out receiving message from renderer: 10.000
[1583244146.625][WARNING]: screenshot failed, retrying timeout: Timed out receiving message from renderer: 10.000
[1583244156.625][SEVERE]: Timed out receiving message from renderer: 10.000
[1583244166.635][SEVERE]: Timed out receiving message from renderer: 9.996
[1583244166.635][WARNING]: screenshot failed, retrying timeout: Timed out receiving message from renderer: 9.996
[1583244176.635][SEVERE]: Timed out receiving message from renderer: 10.000
[1583244187.002][SEVERE]: Timed out receiving message from renderer: 10.000
[1583244187.002][WARNING]: screenshot failed, retrying timeout: Timed out receiving message from renderer: 10.000
[1583244197.002][SEVERE]: Timed out receiving message from renderer: 10.000
[1583244227.846][SEVERE]: Timed out receiving message from renderer: 10.000
[1583244227.846][WARNING]: screenshot failed, retrying timeout: Timed out receiving message from renderer: 10.000
[1583244237.846][SEVERE]: Timed out receiving message from renderer: 10.000
[1583244248.200][SEVERE]: Timed out receiving message from renderer: 10.000
[1583244248.200][WARNING]: screenshot failed, retrying timeout: Timed out receiving message from renderer: 10.000
[1583244258.200][SEVERE]: Timed out receiving message from renderer: 10.000
[1583244268.272][SEVERE]: Timed out receiving message from renderer: 10.000
[1583244268.272][WARNING]: screenshot failed, retrying timeout: Timed out receiving message from renderer: 10.000
[1583244278.272][SEVERE]: Timed out receiving message from renderer: 10.000
]]></system-err>
  </testcase>
</testsuite>