<?xml version="1.0" encoding="UTF-8"?><testsuite errors="1" failures="0" name="Ingresar a la BACS" skipped="0" tests="1" time="275.2" timestamp="2020-03-03 09:00:13"><testcase name="Loguearse"><error message="element click intercepted: Element &lt;input data-locale-label-id=&quot;continue&quot; type=&quot;submit&quot; class=&quot;ibm-btn-pri ibm-btn-blue-50 ng-signin-cta-2 buttonRegister login-true login-button&quot; onclick=&quot;startLoginProcess();&quot; aria-label=&quot;Continuar&quot; value=&quot;Continuar&quot;&gt; is not clickable at point (512, 355). Other element would receive the click: &lt;iframe src=&quot;https://consent-pref.trustarc.com/?type=ibm_test&amp;amp;site=ibm.com&amp;amp;action=notice&amp;amp;country=pe&amp;amp;locale=es&amp;amp;behavior=expressed&amp;amp;gtm=1&amp;amp;layout=default_eu&amp;amp;from=https://consent.trustarc.com/&quot; id=&quot;pop-frame08796670755441411&quot; tabindex=&quot;1&quot; scrolling=&quot;no&quot; style=&quot;border: 0px; border-radius: 2px; overflow: hidden; background: rgb(255, 255, 255); display: block; position: absolute; top: 0px; left: 0px; width: 100%; height: 464px;&quot;&gt;&lt;/iframe&gt;&#10;  (Session info: chrome=80.0.3987.122)&#10;Build info: version: '3.141.59', revision: 'e82be7d358', time: '2018-11-14T08:17:03'&#10;System info: host: 'PROQACAM5W10', ip: '10.11.165.141', os.name: 'Windows 10', os.arch: 'amd64', os.version: '10.0', java.version: '1.8.0_231'&#10;Driver info: org.openqa.selenium.remote.RemoteWebDriver&#10;Capabilities {acceptInsecureCerts: false, browserName: chrome, browserVersion: 80.0.3987.122, chrome: {chromedriverVersion: 79.0.3945.36 (3582db32b3389..., userDataDir: C:\WINDOWS\TEMP\scoped_dir1...}, goog:chromeOptions: {debuggerAddress: localhost:63884}, javascriptEnabled: true, networkConnectionEnabled: false, pageLoadStrategy: normal, platform: WINDOWS, platformName: WINDOWS, proxy: Proxy(), setWindowRect: true, strictFileInteractability: false, timeouts: {implicit: 0, pageLoad: 300000, script: 30000}, unhandledPromptBehavior: dismiss and notify}&#10;Session ID: 594a482d60e287eefaa0700b6370c51e&#10;Build info: version: '3.141.59', revision: 'e82be7d358', time: '2018-11-14T08:17:03'&#10;System info: host: 'PROQACAM5W10', ip: '10.11.165.141', os.name: 'Windows 10', os.arch: 'amd64', os.version: '10.0', java.version: '1.8.0_231'&#10;Driver info: driver.version: unknown" type="org.openqa.selenium.ElementClickInterceptedException">element click intercepted: Element &lt;input data-locale-label-id="continue" type="submit" class="ibm-btn-pri ibm-btn-blue-50 ng-signin-cta-2 buttonRegister login-true login-button" onclick="startLoginProcess();" aria-label="Continuar" value="Continuar"&gt; is not clickable at point (512, 355). Other element would receive the click: &lt;iframe src="https://consent-pref.trustarc.com/?type=ibm_test&amp;amp;site=ibm.com&amp;amp;action=notice&amp;amp;country=pe&amp;amp;locale=es&amp;amp;behavior=expressed&amp;amp;gtm=1&amp;amp;layout=default_eu&amp;amp;from=https://consent.trustarc.com/" id="pop-frame08796670755441411" tabindex="1" scrolling="no" style="border: 0px; border-radius: 2px; overflow: hidden; background: rgb(255, 255, 255); display: block; position: absolute; top: 0px; left: 0px; width: 100%; height: 464px;"&gt;&lt;/iframe&gt;
  (Session info: chrome=80.0.3987.122)
Build info: version: '3.141.59', revision: 'e82be7d358', time: '2018-11-14T08:17:03'
System info: host: 'PROQACAM5W10', ip: '10.11.165.141', os.name: 'Windows 10', os.arch: 'amd64', os.version: '10.0', java.version: '1.8.0_231'
Driver info: org.openqa.selenium.remote.RemoteWebDriver
Capabilities {acceptInsecureCerts: false, browserName: chrome, browserVersion: 80.0.3987.122, chrome: {chromedriverVersion: 79.0.3945.36 (3582db32b3389..., userDataDir: C:\WINDOWS\TEMP\scoped_dir1...}, goog:chromeOptions: {debuggerAddress: localhost:63884}, javascriptEnabled: true, networkConnectionEnabled: false, pageLoadStrategy: normal, platform: WINDOWS, platformName: WINDOWS, proxy: Proxy(), setWindowRect: true, strictFileInteractability: false, timeouts: {implicit: 0, pageLoad: 300000, script: 30000}, unhandledPromptBehavior: dismiss and notify}
Session ID: 594a482d60e287eefaa0700b6370c51e
Build info: version: '3.141.59', revision: 'e82be7d358', time: '2018-11-14T08:17:03'
System info: host: 'PROQACAM5W10', ip: '10.11.165.141', os.name: 'Windows 10', os.arch: 'amd64', os.version: '10.0', java.version: '1.8.0_231'
Driver info: driver.version: unknown</error><system-err>element click intercepted: Element &lt;input data-locale-label-id="continue" type="submit" class="ibm-btn-pri ibm-btn-blue-50 ng-signin-cta-2 buttonRegister login-true login-button" onclick="startLoginProcess();" aria-label="Continuar" value="Continuar"&gt; is not clickable at point (512, 355). Other element would receive the click: &lt;iframe src="https://consent-pref.trustarc.com/?type=ibm_test&amp;amp;site=ibm.com&amp;amp;action=notice&amp;amp;country=pe&amp;amp;locale=es&amp;amp;behavior=expressed&amp;amp;gtm=1&amp;amp;layout=default_eu&amp;amp;from=https://consent.trustarc.com/" id="pop-frame08796670755441411" tabindex="1" scrolling="no" style="border: 0px; border-radius: 2px; overflow: hidden; background: rgb(255, 255, 255); display: block; position: absolute; top: 0px; left: 0px; width: 100%; height: 464px;"&gt;&lt;/iframe&gt;
  (Session info: chrome=80.0.3987.122)
Build info: version: '3.141.59', revision: 'e82be7d358', time: '2018-11-14T08:17:03'
System info: host: 'PROQACAM5W10', ip: '10.11.165.141', os.name: 'Windows 10', os.arch: 'amd64', os.version: '10.0', java.version: '1.8.0_231'
Driver info: org.openqa.selenium.remote.RemoteWebDriver
Capabilities {acceptInsecureCerts: false, browserName: chrome, browserVersion: 80.0.3987.122, chrome: {chromedriverVersion: 79.0.3945.36 (3582db32b3389..., userDataDir: C:\WINDOWS\TEMP\scoped_dir1...}, goog:chromeOptions: {debuggerAddress: localhost:63884}, javascriptEnabled: true, networkConnectionEnabled: false, pageLoadStrategy: normal, platform: WINDOWS, platformName: WINDOWS, proxy: Proxy(), setWindowRect: true, strictFileInteractability: false, timeouts: {implicit: 0, pageLoad: 300000, script: 30000}, unhandledPromptBehavior: dismiss and notify}
Session ID: 594a482d60e287eefaa0700b6370c51e
Build info: version: '3.141.59', revision: 'e82be7d358', time: '2018-11-14T08:17:03'
System info: host: 'PROQACAM5W10', ip: '10.11.165.141', os.name: 'Windows 10', os.arch: 'amd64', os.version: '10.0', java.version: '1.8.0_231'
Driver info: driver.version: unknown&#13;
Navigator.pageobject.PaginaPrincipal.loguearse(PaginaPrincipal.java:90)&#13;
Navigator.steps.UsuarioNavigator.loguearse(UsuarioNavigator.java:31)&#13;
Navigator.stepsdefinitions.UsuarioDefinicionDePasos.iniciarSesion(UsuarioDefinicionDePasos.java:30)&#13;
✽.ingresa su usuario joel.armando.leiva.collazos@everis.com y contraseña JoelLeiva30*(src/test/resources/features/AbriNavigator.feature:6)&#13;
</system-err></testcase></testsuite>